<?xml version="1.0" encoding="UTF-8"?>
<!DOCTYPE html PUBLIC "-//W3C//DTD XHTML 1.0 Strict//EN" "http://www.w3.org/TR/xhtml1/DTD/xhtml1-strict.dtd">
<html xmlns="http://www.w3.org/1999/xhtml">
<head>
    <title>Unit Test Report</title>
    <meta name="generator" content="HTMLTestRunner 0.8.2"/>
    <meta http-equiv="Content-Type" content="text/html; charset=UTF-8"/>
    
<style type="text/css" media="screen">
body        { font-family: verdana, arial, helvetica, sans-serif; font-size: 80%; }
table       { font-size: 100%; }
pre         { }

/* -- heading ---------------------------------------------------------------------- */
h1 {
	font-size: 16pt;
	color: gray;
}
.heading {
    margin-top: 0ex;
    margin-bottom: 1ex;
}

.heading .attribute {
    margin-top: 1ex;
    margin-bottom: 0;
}

.heading .description {
    margin-top: 4ex;
    margin-bottom: 6ex;
}

/* -- css div popup ------------------------------------------------------------------------ */
a.popup_link {
}

a.popup_link:hover {
    color: red;
}

.popup_window {
    display: none;
    position: relative;
    left: 0px;
    top: 0px;
    /*border: solid #627173 1px; */
    padding: 10px;
    background-color: #E6E6D6;
    font-family: "Lucida Console", "Courier New", Courier, monospace;
    text-align: left;
    font-size: 8pt;
    width: 500px;
}

}
/* -- report ------------------------------------------------------------------------ */
#show_detail_line {
    margin-top: 3ex;
    margin-bottom: 1ex;
}
#result_table {
    width: 80%;
    border-collapse: collapse;
    border: 1px solid #777;
}
#header_row {
    font-weight: bold;
    color: white;
    background-color: #777;
}
#result_table td {
    border: 1px solid #777;
    padding: 2px;
}
#total_row  { font-weight: bold; }
.passClass  { background-color: #6c6; }
.failClass  { background-color: #c60; }
.errorClass { background-color: #c00; }
.passCase   { color: #6c6; }
.failCase   { color: #c60; font-weight: bold; }
.errorCase  { color: #c00; font-weight: bold; }
.hiddenRow  { display: none; }
.testcase   { margin-left: 2em; }


/* -- ending ---------------------------------------------------------------------- */
#ending {
}

</style>

</head>
<body>
<script language="javascript" type="text/javascript"><!--
output_list = Array();

/* level - 0:Summary; 1:Failed; 2:All */
function showCase(level) {
    trs = document.getElementsByTagName("tr");
    for (var i = 0; i < trs.length; i++) {
        tr = trs[i];
        id = tr.id;
        if (id.substr(0,2) == 'ft') {
            if (level < 1) {
                tr.className = 'hiddenRow';
            }
            else {
                tr.className = '';
            }
        }
        if (id.substr(0,2) == 'pt') {
            if (level > 1) {
                tr.className = '';
            }
            else {
                tr.className = 'hiddenRow';
            }
        }
    }
}


function showClassDetail(cid, count) {
    var id_list = Array(count);
    var toHide = 1;
    for (var i = 0; i < count; i++) {
        tid0 = 't' + cid.substr(1) + '.' + (i+1);
        tid = 'f' + tid0;
        tr = document.getElementById(tid);
        if (!tr) {
            tid = 'p' + tid0;
            tr = document.getElementById(tid);
        }
        id_list[i] = tid;
        if (tr.className) {
            toHide = 0;
        }
    }
    for (var i = 0; i < count; i++) {
        tid = id_list[i];
        if (toHide) {
            document.getElementById('div_'+tid).style.display = 'none'
            document.getElementById(tid).className = 'hiddenRow';
        }
        else {
            document.getElementById(tid).className = '';
        }
    }
}


function showTestDetail(div_id){
    var details_div = document.getElementById(div_id)
    var displayState = details_div.style.display
    // alert(displayState)
    if (displayState != 'block' ) {
        displayState = 'block'
        details_div.style.display = 'block'
    }
    else {
        details_div.style.display = 'none'
    }
}


function html_escape(s) {
    s = s.replace(/&/g,'&amp;');
    s = s.replace(/</g,'&lt;');
    s = s.replace(/>/g,'&gt;');
    return s;
}

/* obsoleted by detail in <div>
function showOutput(id, name) {
    var w = window.open("", //url
                    name,
                    "resizable,scrollbars,status,width=800,height=450");
    d = w.document;
    d.write("<pre>");
    d.write(html_escape(output_list[id]));
    d.write("\n");
    d.write("<a href='javascript:window.close()'>close</a>\n");
    d.write("</pre>\n");
    d.close();
}
*/
--></script>

<div class='heading'>
<h1>Unit Test Report</h1>
<p class='attribute'><strong>Start Time:</strong> 2020-05-22 10:26:12</p>
<p class='attribute'><strong>Duration:</strong> 0:00:00.040000</p>
<p class='attribute'><strong>Status:</strong> Error 20</p>

<p class='description'></p>
</div>



<p id='show_detail_line'>Show
<a href='javascript:showCase(0)'>Summary</a>
<a href='javascript:showCase(1)'>Failed</a>
<a href='javascript:showCase(2)'>All</a>
</p>
<table id='result_table'>
<colgroup>
<col align='left' />
<col align='right' />
<col align='right' />
<col align='right' />
<col align='right' />
<col align='right' />
</colgroup>
<tr id='header_row'>
    <td>Test Group/Test case</td>
    <td>Count</td>
    <td>Pass</td>
    <td>Fail</td>
    <td>Error</td>
    <td>View</td>
</tr>

<tr class='errorClass'>
    <td>cases.login_test.LoginTest</td>
    <td>5</td>
    <td>0</td>
    <td>0</td>
    <td>5</td>
    <td><a href="javascript:showClassDetail('c1',5)">Detail</a></td>
</tr>

<tr id='ft1.1' class='none'>
    <td class='errorCase'><div class='testcase'>test_login_0_WNCD000</div></td>
    <td colspan='5' align='center'>

    <!--css div popup start-->
    <a class="popup_link" onfocus='this.blur();' href="javascript:showTestDetail('div_ft1.1')" >
        error</a>

    <div id='div_ft1.1' class="popup_window">
        <div style='text-align: right; color:red;cursor:pointer'>
        <a onfocus='this.blur();' onclick="document.getElementById('div_ft1.1').style.display = 'none' " >
           [x]</a>
        </div>
        <pre>
        
ft1.1: Traceback (most recent call last):
  File "C:\Users\T430s1\AppData\Local\Programs\Python\Python36\lib\site-packages\selenium\webdriver\common\service.py", line 76, in start
    stdin=PIPE)
  File "C:\Users\T430s1\AppData\Local\Programs\Python\Python36\lib\subprocess.py", line 709, in __init__
    restore_signals, start_new_session)
  File "C:\Users\T430s1\AppData\Local\Programs\Python\Python36\lib\subprocess.py", line 997, in _execute_child
    startupinfo)
FileNotFoundError: [WinError 2] 系统找不到指定的文件。

During handling of the above exception, another exception occurred:

Traceback (most recent call last):
  File "C:\lipeng\test\testing\cases\login_test.py", line 25, in setUp
    self.driver=Service.get_driver('../conf/yang/base.conf')
  File "C:\lipeng\test\testing\tools\service.py", line 16, in get_driver
    return getattr(webdriver,content["BROWSER"])()
  File "C:\Users\T430s1\AppData\Local\Programs\Python\Python36\lib\site-packages\selenium\webdriver\edge\webdriver.py", line 56, in __init__
    self.edge_service.start()
  File "C:\Users\T430s1\AppData\Local\Programs\Python\Python36\lib\site-packages\selenium\webdriver\common\service.py", line 83, in start
    os.path.basename(self.path), self.start_error_message)
selenium.common.exceptions.WebDriverException: Message: 'MicrosoftWebDriver.exe' executable needs to be in PATH. Please download from http://go.microsoft.com/fwlink/?LinkId=619687

Traceback (most recent call last):
  File "C:\Users\T430s1\AppData\Local\Programs\Python\Python36\lib\site-packages\selenium\webdriver\common\service.py", line 76, in start
    stdin=PIPE)
  File "C:\Users\T430s1\AppData\Local\Programs\Python\Python36\lib\subprocess.py", line 709, in __init__
    restore_signals, start_new_session)
  File "C:\Users\T430s1\AppData\Local\Programs\Python\Python36\lib\subprocess.py", line 997, in _execute_child
    startupinfo)
FileNotFoundError: [WinError 2] 系统找不到指定的文件。

During handling of the above exception, another exception occurred:

Traceback (most recent call last):
  File "C:\lipeng\test\testing\cases\login_test.py", line 25, in setUp
    self.driver=Service.get_driver('../conf/yang/base.conf')
  File "C:\lipeng\test\testing\tools\service.py", line 16, in get_driver
    return getattr(webdriver,content["BROWSER"])()
  File "C:\Users\T430s1\AppData\Local\Programs\Python\Python36\lib\site-packages\selenium\webdriver\edge\webdriver.py", line 56, in __init__
    self.edge_service.start()
  File "C:\Users\T430s1\AppData\Local\Programs\Python\Python36\lib\site-packages\selenium\webdriver\common\service.py", line 83, in start
    os.path.basename(self.path), self.start_error_message)
selenium.common.exceptions.WebDriverException: Message: 'MicrosoftWebDriver.exe' executable needs to be in PATH. Please download from http://go.microsoft.com/fwlink/?LinkId=619687



        </pre>
    </div>
    <!--css div popup end-->

    </td>
</tr>

<tr id='ft1.2' class='none'>
    <td class='errorCase'><div class='testcase'>test_login_1_WNCD000</div></td>
    <td colspan='5' align='center'>

    <!--css div popup start-->
    <a class="popup_link" onfocus='this.blur();' href="javascript:showTestDetail('div_ft1.2')" >
        error</a>

    <div id='div_ft1.2' class="popup_window">
        <div style='text-align: right; color:red;cursor:pointer'>
        <a onfocus='this.blur();' onclick="document.getElementById('div_ft1.2').style.display = 'none' " >
           [x]</a>
        </div>
        <pre>
        
ft1.2: Traceback (most recent call last):
  File "C:\Users\T430s1\AppData\Local\Programs\Python\Python36\lib\site-packages\selenium\webdriver\common\service.py", line 76, in start
    stdin=PIPE)
  File "C:\Users\T430s1\AppData\Local\Programs\Python\Python36\lib\subprocess.py", line 709, in __init__
    restore_signals, start_new_session)
  File "C:\Users\T430s1\AppData\Local\Programs\Python\Python36\lib\subprocess.py", line 997, in _execute_child
    startupinfo)
FileNotFoundError: [WinError 2] 系统找不到指定的文件。

During handling of the above exception, another exception occurred:

Traceback (most recent call last):
  File "C:\lipeng\test\testing\cases\login_test.py", line 25, in setUp
    self.driver=Service.get_driver('../conf/yang/base.conf')
  File "C:\lipeng\test\testing\tools\service.py", line 16, in get_driver
    return getattr(webdriver,content["BROWSER"])()
  File "C:\Users\T430s1\AppData\Local\Programs\Python\Python36\lib\site-packages\selenium\webdriver\edge\webdriver.py", line 56, in __init__
    self.edge_service.start()
  File "C:\Users\T430s1\AppData\Local\Programs\Python\Python36\lib\site-packages\selenium\webdriver\common\service.py", line 83, in start
    os.path.basename(self.path), self.start_error_message)
selenium.common.exceptions.WebDriverException: Message: 'MicrosoftWebDriver.exe' executable needs to be in PATH. Please download from http://go.microsoft.com/fwlink/?LinkId=619687

Traceback (most recent call last):
  File "C:\Users\T430s1\AppData\Local\Programs\Python\Python36\lib\site-packages\selenium\webdriver\common\service.py", line 76, in start
    stdin=PIPE)
  File "C:\Users\T430s1\AppData\Local\Programs\Python\Python36\lib\subprocess.py", line 709, in __init__
    restore_signals, start_new_session)
  File "C:\Users\T430s1\AppData\Local\Programs\Python\Python36\lib\subprocess.py", line 997, in _execute_child
    startupinfo)
FileNotFoundError: [WinError 2] 系统找不到指定的文件。

During handling of the above exception, another exception occurred:

Traceback (most recent call last):
  File "C:\lipeng\test\testing\cases\login_test.py", line 25, in setUp
    self.driver=Service.get_driver('../conf/yang/base.conf')
  File "C:\lipeng\test\testing\tools\service.py", line 16, in get_driver
    return getattr(webdriver,content["BROWSER"])()
  File "C:\Users\T430s1\AppData\Local\Programs\Python\Python36\lib\site-packages\selenium\webdriver\edge\webdriver.py", line 56, in __init__
    self.edge_service.start()
  File "C:\Users\T430s1\AppData\Local\Programs\Python\Python36\lib\site-packages\selenium\webdriver\common\service.py", line 83, in start
    os.path.basename(self.path), self.start_error_message)
selenium.common.exceptions.WebDriverException: Message: 'MicrosoftWebDriver.exe' executable needs to be in PATH. Please download from http://go.microsoft.com/fwlink/?LinkId=619687



        </pre>
    </div>
    <!--css div popup end-->

    </td>
</tr>

<tr id='ft1.3' class='none'>
    <td class='errorCase'><div class='testcase'>test_login_2_WNCD001</div></td>
    <td colspan='5' align='center'>

    <!--css div popup start-->
    <a class="popup_link" onfocus='this.blur();' href="javascript:showTestDetail('div_ft1.3')" >
        error</a>

    <div id='div_ft1.3' class="popup_window">
        <div style='text-align: right; color:red;cursor:pointer'>
        <a onfocus='this.blur();' onclick="document.getElementById('div_ft1.3').style.display = 'none' " >
           [x]</a>
        </div>
        <pre>
        
ft1.3: Traceback (most recent call last):
  File "C:\Users\T430s1\AppData\Local\Programs\Python\Python36\lib\site-packages\selenium\webdriver\common\service.py", line 76, in start
    stdin=PIPE)
  File "C:\Users\T430s1\AppData\Local\Programs\Python\Python36\lib\subprocess.py", line 709, in __init__
    restore_signals, start_new_session)
  File "C:\Users\T430s1\AppData\Local\Programs\Python\Python36\lib\subprocess.py", line 997, in _execute_child
    startupinfo)
FileNotFoundError: [WinError 2] 系统找不到指定的文件。

During handling of the above exception, another exception occurred:

Traceback (most recent call last):
  File "C:\lipeng\test\testing\cases\login_test.py", line 25, in setUp
    self.driver=Service.get_driver('../conf/yang/base.conf')
  File "C:\lipeng\test\testing\tools\service.py", line 16, in get_driver
    return getattr(webdriver,content["BROWSER"])()
  File "C:\Users\T430s1\AppData\Local\Programs\Python\Python36\lib\site-packages\selenium\webdriver\edge\webdriver.py", line 56, in __init__
    self.edge_service.start()
  File "C:\Users\T430s1\AppData\Local\Programs\Python\Python36\lib\site-packages\selenium\webdriver\common\service.py", line 83, in start
    os.path.basename(self.path), self.start_error_message)
selenium.common.exceptions.WebDriverException: Message: 'MicrosoftWebDriver.exe' executable needs to be in PATH. Please download from http://go.microsoft.com/fwlink/?LinkId=619687

Traceback (most recent call last):
  File "C:\Users\T430s1\AppData\Local\Programs\Python\Python36\lib\site-packages\selenium\webdriver\common\service.py", line 76, in start
    stdin=PIPE)
  File "C:\Users\T430s1\AppData\Local\Programs\Python\Python36\lib\subprocess.py", line 709, in __init__
    restore_signals, start_new_session)
  File "C:\Users\T430s1\AppData\Local\Programs\Python\Python36\lib\subprocess.py", line 997, in _execute_child
    startupinfo)
FileNotFoundError: [WinError 2] 系统找不到指定的文件。

During handling of the above exception, another exception occurred:

Traceback (most recent call last):
  File "C:\lipeng\test\testing\cases\login_test.py", line 25, in setUp
    self.driver=Service.get_driver('../conf/yang/base.conf')
  File "C:\lipeng\test\testing\tools\service.py", line 16, in get_driver
    return getattr(webdriver,content["BROWSER"])()
  File "C:\Users\T430s1\AppData\Local\Programs\Python\Python36\lib\site-packages\selenium\webdriver\edge\webdriver.py", line 56, in __init__
    self.edge_service.start()
  File "C:\Users\T430s1\AppData\Local\Programs\Python\Python36\lib\site-packages\selenium\webdriver\common\service.py", line 83, in start
    os.path.basename(self.path), self.start_error_message)
selenium.common.exceptions.WebDriverException: Message: 'MicrosoftWebDriver.exe' executable needs to be in PATH. Please download from http://go.microsoft.com/fwlink/?LinkId=619687



        </pre>
    </div>
    <!--css div popup end-->

    </td>
</tr>

<tr id='ft1.4' class='none'>
    <td class='errorCase'><div class='testcase'>test_login_3_</div></td>
    <td colspan='5' align='center'>

    <!--css div popup start-->
    <a class="popup_link" onfocus='this.blur();' href="javascript:showTestDetail('div_ft1.4')" >
        error</a>

    <div id='div_ft1.4' class="popup_window">
        <div style='text-align: right; color:red;cursor:pointer'>
        <a onfocus='this.blur();' onclick="document.getElementById('div_ft1.4').style.display = 'none' " >
           [x]</a>
        </div>
        <pre>
        
ft1.4: Traceback (most recent call last):
  File "C:\Users\T430s1\AppData\Local\Programs\Python\Python36\lib\site-packages\selenium\webdriver\common\service.py", line 76, in start
    stdin=PIPE)
  File "C:\Users\T430s1\AppData\Local\Programs\Python\Python36\lib\subprocess.py", line 709, in __init__
    restore_signals, start_new_session)
  File "C:\Users\T430s1\AppData\Local\Programs\Python\Python36\lib\subprocess.py", line 997, in _execute_child
    startupinfo)
FileNotFoundError: [WinError 2] 系统找不到指定的文件。

During handling of the above exception, another exception occurred:

Traceback (most recent call last):
  File "C:\lipeng\test\testing\cases\login_test.py", line 25, in setUp
    self.driver=Service.get_driver('../conf/yang/base.conf')
  File "C:\lipeng\test\testing\tools\service.py", line 16, in get_driver
    return getattr(webdriver,content["BROWSER"])()
  File "C:\Users\T430s1\AppData\Local\Programs\Python\Python36\lib\site-packages\selenium\webdriver\edge\webdriver.py", line 56, in __init__
    self.edge_service.start()
  File "C:\Users\T430s1\AppData\Local\Programs\Python\Python36\lib\site-packages\selenium\webdriver\common\service.py", line 83, in start
    os.path.basename(self.path), self.start_error_message)
selenium.common.exceptions.WebDriverException: Message: 'MicrosoftWebDriver.exe' executable needs to be in PATH. Please download from http://go.microsoft.com/fwlink/?LinkId=619687

Traceback (most recent call last):
  File "C:\Users\T430s1\AppData\Local\Programs\Python\Python36\lib\site-packages\selenium\webdriver\common\service.py", line 76, in start
    stdin=PIPE)
  File "C:\Users\T430s1\AppData\Local\Programs\Python\Python36\lib\subprocess.py", line 709, in __init__
    restore_signals, start_new_session)
  File "C:\Users\T430s1\AppData\Local\Programs\Python\Python36\lib\subprocess.py", line 997, in _execute_child
    startupinfo)
FileNotFoundError: [WinError 2] 系统找不到指定的文件。

During handling of the above exception, another exception occurred:

Traceback (most recent call last):
  File "C:\lipeng\test\testing\cases\login_test.py", line 25, in setUp
    self.driver=Service.get_driver('../conf/yang/base.conf')
  File "C:\lipeng\test\testing\tools\service.py", line 16, in get_driver
    return getattr(webdriver,content["BROWSER"])()
  File "C:\Users\T430s1\AppData\Local\Programs\Python\Python36\lib\site-packages\selenium\webdriver\edge\webdriver.py", line 56, in __init__
    self.edge_service.start()
  File "C:\Users\T430s1\AppData\Local\Programs\Python\Python36\lib\site-packages\selenium\webdriver\common\service.py", line 83, in start
    os.path.basename(self.path), self.start_error_message)
selenium.common.exceptions.WebDriverException: Message: 'MicrosoftWebDriver.exe' executable needs to be in PATH. Please download from http://go.microsoft.com/fwlink/?LinkId=619687



        </pre>
    </div>
    <!--css div popup end-->

    </td>
</tr>

<tr id='ft1.5' class='none'>
    <td class='errorCase'><div class='testcase'>test_login_4_WNCD000</div></td>
    <td colspan='5' align='center'>

    <!--css div popup start-->
    <a class="popup_link" onfocus='this.blur();' href="javascript:showTestDetail('div_ft1.5')" >
        error</a>

    <div id='div_ft1.5' class="popup_window">
        <div style='text-align: right; color:red;cursor:pointer'>
        <a onfocus='this.blur();' onclick="document.getElementById('div_ft1.5').style.display = 'none' " >
           [x]</a>
        </div>
        <pre>
        
ft1.5: Traceback (most recent call last):
  File "C:\Users\T430s1\AppData\Local\Programs\Python\Python36\lib\site-packages\selenium\webdriver\common\service.py", line 76, in start
    stdin=PIPE)
  File "C:\Users\T430s1\AppData\Local\Programs\Python\Python36\lib\subprocess.py", line 709, in __init__
    restore_signals, start_new_session)
  File "C:\Users\T430s1\AppData\Local\Programs\Python\Python36\lib\subprocess.py", line 997, in _execute_child
    startupinfo)
FileNotFoundError: [WinError 2] 系统找不到指定的文件。

During handling of the above exception, another exception occurred:

Traceback (most recent call last):
  File "C:\lipeng\test\testing\cases\login_test.py", line 25, in setUp
    self.driver=Service.get_driver('../conf/yang/base.conf')
  File "C:\lipeng\test\testing\tools\service.py", line 16, in get_driver
    return getattr(webdriver,content["BROWSER"])()
  File "C:\Users\T430s1\AppData\Local\Programs\Python\Python36\lib\site-packages\selenium\webdriver\edge\webdriver.py", line 56, in __init__
    self.edge_service.start()
  File "C:\Users\T430s1\AppData\Local\Programs\Python\Python36\lib\site-packages\selenium\webdriver\common\service.py", line 83, in start
    os.path.basename(self.path), self.start_error_message)
selenium.common.exceptions.WebDriverException: Message: 'MicrosoftWebDriver.exe' executable needs to be in PATH. Please download from http://go.microsoft.com/fwlink/?LinkId=619687

Traceback (most recent call last):
  File "C:\Users\T430s1\AppData\Local\Programs\Python\Python36\lib\site-packages\selenium\webdriver\common\service.py", line 76, in start
    stdin=PIPE)
  File "C:\Users\T430s1\AppData\Local\Programs\Python\Python36\lib\subprocess.py", line 709, in __init__
    restore_signals, start_new_session)
  File "C:\Users\T430s1\AppData\Local\Programs\Python\Python36\lib\subprocess.py", line 997, in _execute_child
    startupinfo)
FileNotFoundError: [WinError 2] 系统找不到指定的文件。

During handling of the above exception, another exception occurred:

Traceback (most recent call last):
  File "C:\lipeng\test\testing\cases\login_test.py", line 25, in setUp
    self.driver=Service.get_driver('../conf/yang/base.conf')
  File "C:\lipeng\test\testing\tools\service.py", line 16, in get_driver
    return getattr(webdriver,content["BROWSER"])()
  File "C:\Users\T430s1\AppData\Local\Programs\Python\Python36\lib\site-packages\selenium\webdriver\edge\webdriver.py", line 56, in __init__
    self.edge_service.start()
  File "C:\Users\T430s1\AppData\Local\Programs\Python\Python36\lib\site-packages\selenium\webdriver\common\service.py", line 83, in start
    os.path.basename(self.path), self.start_error_message)
selenium.common.exceptions.WebDriverException: Message: 'MicrosoftWebDriver.exe' executable needs to be in PATH. Please download from http://go.microsoft.com/fwlink/?LinkId=619687



        </pre>
    </div>
    <!--css div popup end-->

    </td>
</tr>

<tr class='errorClass'>
    <td>cases.training_resources_test.TranningResourcesTest</td>
    <td>9</td>
    <td>0</td>
    <td>0</td>
    <td>9</td>
    <td><a href="javascript:showClassDetail('c2',9)">Detail</a></td>
</tr>

<tr id='ft2.1' class='none'>
    <td class='errorCase'><div class='testcase'>test_add_resources_0_19877111545</div></td>
    <td colspan='5' align='center'>

    <!--css div popup start-->
    <a class="popup_link" onfocus='this.blur();' href="javascript:showTestDetail('div_ft2.1')" >
        error</a>

    <div id='div_ft2.1' class="popup_window">
        <div style='text-align: right; color:red;cursor:pointer'>
        <a onfocus='this.blur();' onclick="document.getElementById('div_ft2.1').style.display = 'none' " >
           [x]</a>
        </div>
        <pre>
        
ft2.1: Traceback (most recent call last):
  File "C:\Users\T430s1\AppData\Local\Programs\Python\Python36\lib\site-packages\selenium\webdriver\common\service.py", line 76, in start
    stdin=PIPE)
  File "C:\Users\T430s1\AppData\Local\Programs\Python\Python36\lib\subprocess.py", line 709, in __init__
    restore_signals, start_new_session)
  File "C:\Users\T430s1\AppData\Local\Programs\Python\Python36\lib\subprocess.py", line 997, in _execute_child
    startupinfo)
FileNotFoundError: [WinError 2] 系统找不到指定的文件。

During handling of the above exception, another exception occurred:

Traceback (most recent call last):
  File "C:\lipeng\test\testing\cases\training_resources_test.py", line 39, in setUp
    self.driver=Service.get_driver('../conf/yang/base.conf')
  File "C:\lipeng\test\testing\tools\service.py", line 16, in get_driver
    return getattr(webdriver,content["BROWSER"])()
  File "C:\Users\T430s1\AppData\Local\Programs\Python\Python36\lib\site-packages\selenium\webdriver\edge\webdriver.py", line 56, in __init__
    self.edge_service.start()
  File "C:\Users\T430s1\AppData\Local\Programs\Python\Python36\lib\site-packages\selenium\webdriver\common\service.py", line 83, in start
    os.path.basename(self.path), self.start_error_message)
selenium.common.exceptions.WebDriverException: Message: 'MicrosoftWebDriver.exe' executable needs to be in PATH. Please download from http://go.microsoft.com/fwlink/?LinkId=619687

Traceback (most recent call last):
  File "C:\Users\T430s1\AppData\Local\Programs\Python\Python36\lib\site-packages\selenium\webdriver\common\service.py", line 76, in start
    stdin=PIPE)
  File "C:\Users\T430s1\AppData\Local\Programs\Python\Python36\lib\subprocess.py", line 709, in __init__
    restore_signals, start_new_session)
  File "C:\Users\T430s1\AppData\Local\Programs\Python\Python36\lib\subprocess.py", line 997, in _execute_child
    startupinfo)
FileNotFoundError: [WinError 2] 系统找不到指定的文件。

During handling of the above exception, another exception occurred:

Traceback (most recent call last):
  File "C:\lipeng\test\testing\cases\training_resources_test.py", line 39, in setUp
    self.driver=Service.get_driver('../conf/yang/base.conf')
  File "C:\lipeng\test\testing\tools\service.py", line 16, in get_driver
    return getattr(webdriver,content["BROWSER"])()
  File "C:\Users\T430s1\AppData\Local\Programs\Python\Python36\lib\site-packages\selenium\webdriver\edge\webdriver.py", line 56, in __init__
    self.edge_service.start()
  File "C:\Users\T430s1\AppData\Local\Programs\Python\Python36\lib\site-packages\selenium\webdriver\common\service.py", line 83, in start
    os.path.basename(self.path), self.start_error_message)
selenium.common.exceptions.WebDriverException: Message: 'MicrosoftWebDriver.exe' executable needs to be in PATH. Please download from http://go.microsoft.com/fwlink/?LinkId=619687



        </pre>
    </div>
    <!--css div popup end-->

    </td>
</tr>

<tr id='ft2.2' class='none'>
    <td class='errorCase'><div class='testcase'>test_add_resources_1_19877111376</div></td>
    <td colspan='5' align='center'>

    <!--css div popup start-->
    <a class="popup_link" onfocus='this.blur();' href="javascript:showTestDetail('div_ft2.2')" >
        error</a>

    <div id='div_ft2.2' class="popup_window">
        <div style='text-align: right; color:red;cursor:pointer'>
        <a onfocus='this.blur();' onclick="document.getElementById('div_ft2.2').style.display = 'none' " >
           [x]</a>
        </div>
        <pre>
        
ft2.2: Traceback (most recent call last):
  File "C:\Users\T430s1\AppData\Local\Programs\Python\Python36\lib\site-packages\selenium\webdriver\common\service.py", line 76, in start
    stdin=PIPE)
  File "C:\Users\T430s1\AppData\Local\Programs\Python\Python36\lib\subprocess.py", line 709, in __init__
    restore_signals, start_new_session)
  File "C:\Users\T430s1\AppData\Local\Programs\Python\Python36\lib\subprocess.py", line 997, in _execute_child
    startupinfo)
FileNotFoundError: [WinError 2] 系统找不到指定的文件。

During handling of the above exception, another exception occurred:

Traceback (most recent call last):
  File "C:\lipeng\test\testing\cases\training_resources_test.py", line 39, in setUp
    self.driver=Service.get_driver('../conf/yang/base.conf')
  File "C:\lipeng\test\testing\tools\service.py", line 16, in get_driver
    return getattr(webdriver,content["BROWSER"])()
  File "C:\Users\T430s1\AppData\Local\Programs\Python\Python36\lib\site-packages\selenium\webdriver\edge\webdriver.py", line 56, in __init__
    self.edge_service.start()
  File "C:\Users\T430s1\AppData\Local\Programs\Python\Python36\lib\site-packages\selenium\webdriver\common\service.py", line 83, in start
    os.path.basename(self.path), self.start_error_message)
selenium.common.exceptions.WebDriverException: Message: 'MicrosoftWebDriver.exe' executable needs to be in PATH. Please download from http://go.microsoft.com/fwlink/?LinkId=619687

Traceback (most recent call last):
  File "C:\Users\T430s1\AppData\Local\Programs\Python\Python36\lib\site-packages\selenium\webdriver\common\service.py", line 76, in start
    stdin=PIPE)
  File "C:\Users\T430s1\AppData\Local\Programs\Python\Python36\lib\subprocess.py", line 709, in __init__
    restore_signals, start_new_session)
  File "C:\Users\T430s1\AppData\Local\Programs\Python\Python36\lib\subprocess.py", line 997, in _execute_child
    startupinfo)
FileNotFoundError: [WinError 2] 系统找不到指定的文件。

During handling of the above exception, another exception occurred:

Traceback (most recent call last):
  File "C:\lipeng\test\testing\cases\training_resources_test.py", line 39, in setUp
    self.driver=Service.get_driver('../conf/yang/base.conf')
  File "C:\lipeng\test\testing\tools\service.py", line 16, in get_driver
    return getattr(webdriver,content["BROWSER"])()
  File "C:\Users\T430s1\AppData\Local\Programs\Python\Python36\lib\site-packages\selenium\webdriver\edge\webdriver.py", line 56, in __init__
    self.edge_service.start()
  File "C:\Users\T430s1\AppData\Local\Programs\Python\Python36\lib\site-packages\selenium\webdriver\common\service.py", line 83, in start
    os.path.basename(self.path), self.start_error_message)
selenium.common.exceptions.WebDriverException: Message: 'MicrosoftWebDriver.exe' executable needs to be in PATH. Please download from http://go.microsoft.com/fwlink/?LinkId=619687



        </pre>
    </div>
    <!--css div popup end-->

    </td>
</tr>

<tr id='ft2.3' class='none'>
    <td class='errorCase'><div class='testcase'>test_discard_resource_0_end</div></td>
    <td colspan='5' align='center'>

    <!--css div popup start-->
    <a class="popup_link" onfocus='this.blur();' href="javascript:showTestDetail('div_ft2.3')" >
        error</a>

    <div id='div_ft2.3' class="popup_window">
        <div style='text-align: right; color:red;cursor:pointer'>
        <a onfocus='this.blur();' onclick="document.getElementById('div_ft2.3').style.display = 'none' " >
           [x]</a>
        </div>
        <pre>
        
ft2.3: Traceback (most recent call last):
  File "C:\Users\T430s1\AppData\Local\Programs\Python\Python36\lib\site-packages\selenium\webdriver\common\service.py", line 76, in start
    stdin=PIPE)
  File "C:\Users\T430s1\AppData\Local\Programs\Python\Python36\lib\subprocess.py", line 709, in __init__
    restore_signals, start_new_session)
  File "C:\Users\T430s1\AppData\Local\Programs\Python\Python36\lib\subprocess.py", line 997, in _execute_child
    startupinfo)
FileNotFoundError: [WinError 2] 系统找不到指定的文件。

During handling of the above exception, another exception occurred:

Traceback (most recent call last):
  File "C:\lipeng\test\testing\cases\training_resources_test.py", line 39, in setUp
    self.driver=Service.get_driver('../conf/yang/base.conf')
  File "C:\lipeng\test\testing\tools\service.py", line 16, in get_driver
    return getattr(webdriver,content["BROWSER"])()
  File "C:\Users\T430s1\AppData\Local\Programs\Python\Python36\lib\site-packages\selenium\webdriver\edge\webdriver.py", line 56, in __init__
    self.edge_service.start()
  File "C:\Users\T430s1\AppData\Local\Programs\Python\Python36\lib\site-packages\selenium\webdriver\common\service.py", line 83, in start
    os.path.basename(self.path), self.start_error_message)
selenium.common.exceptions.WebDriverException: Message: 'MicrosoftWebDriver.exe' executable needs to be in PATH. Please download from http://go.microsoft.com/fwlink/?LinkId=619687

Traceback (most recent call last):
  File "C:\Users\T430s1\AppData\Local\Programs\Python\Python36\lib\site-packages\selenium\webdriver\common\service.py", line 76, in start
    stdin=PIPE)
  File "C:\Users\T430s1\AppData\Local\Programs\Python\Python36\lib\subprocess.py", line 709, in __init__
    restore_signals, start_new_session)
  File "C:\Users\T430s1\AppData\Local\Programs\Python\Python36\lib\subprocess.py", line 997, in _execute_child
    startupinfo)
FileNotFoundError: [WinError 2] 系统找不到指定的文件。

During handling of the above exception, another exception occurred:

Traceback (most recent call last):
  File "C:\lipeng\test\testing\cases\training_resources_test.py", line 39, in setUp
    self.driver=Service.get_driver('../conf/yang/base.conf')
  File "C:\lipeng\test\testing\tools\service.py", line 16, in get_driver
    return getattr(webdriver,content["BROWSER"])()
  File "C:\Users\T430s1\AppData\Local\Programs\Python\Python36\lib\site-packages\selenium\webdriver\edge\webdriver.py", line 56, in __init__
    self.edge_service.start()
  File "C:\Users\T430s1\AppData\Local\Programs\Python\Python36\lib\site-packages\selenium\webdriver\common\service.py", line 83, in start
    os.path.basename(self.path), self.start_error_message)
selenium.common.exceptions.WebDriverException: Message: 'MicrosoftWebDriver.exe' executable needs to be in PATH. Please download from http://go.microsoft.com/fwlink/?LinkId=619687



        </pre>
    </div>
    <!--css div popup end-->

    </td>
</tr>

<tr id='ft2.4' class='none'>
    <td class='errorCase'><div class='testcase'>test_do_edit_recource_0__</div></td>
    <td colspan='5' align='center'>

    <!--css div popup start-->
    <a class="popup_link" onfocus='this.blur();' href="javascript:showTestDetail('div_ft2.4')" >
        error</a>

    <div id='div_ft2.4' class="popup_window">
        <div style='text-align: right; color:red;cursor:pointer'>
        <a onfocus='this.blur();' onclick="document.getElementById('div_ft2.4').style.display = 'none' " >
           [x]</a>
        </div>
        <pre>
        
ft2.4: Traceback (most recent call last):
  File "C:\Users\T430s1\AppData\Local\Programs\Python\Python36\lib\site-packages\selenium\webdriver\common\service.py", line 76, in start
    stdin=PIPE)
  File "C:\Users\T430s1\AppData\Local\Programs\Python\Python36\lib\subprocess.py", line 709, in __init__
    restore_signals, start_new_session)
  File "C:\Users\T430s1\AppData\Local\Programs\Python\Python36\lib\subprocess.py", line 997, in _execute_child
    startupinfo)
FileNotFoundError: [WinError 2] 系统找不到指定的文件。

During handling of the above exception, another exception occurred:

Traceback (most recent call last):
  File "C:\lipeng\test\testing\cases\training_resources_test.py", line 39, in setUp
    self.driver=Service.get_driver('../conf/yang/base.conf')
  File "C:\lipeng\test\testing\tools\service.py", line 16, in get_driver
    return getattr(webdriver,content["BROWSER"])()
  File "C:\Users\T430s1\AppData\Local\Programs\Python\Python36\lib\site-packages\selenium\webdriver\edge\webdriver.py", line 56, in __init__
    self.edge_service.start()
  File "C:\Users\T430s1\AppData\Local\Programs\Python\Python36\lib\site-packages\selenium\webdriver\common\service.py", line 83, in start
    os.path.basename(self.path), self.start_error_message)
selenium.common.exceptions.WebDriverException: Message: 'MicrosoftWebDriver.exe' executable needs to be in PATH. Please download from http://go.microsoft.com/fwlink/?LinkId=619687

Traceback (most recent call last):
  File "C:\Users\T430s1\AppData\Local\Programs\Python\Python36\lib\site-packages\selenium\webdriver\common\service.py", line 76, in start
    stdin=PIPE)
  File "C:\Users\T430s1\AppData\Local\Programs\Python\Python36\lib\subprocess.py", line 709, in __init__
    restore_signals, start_new_session)
  File "C:\Users\T430s1\AppData\Local\Programs\Python\Python36\lib\subprocess.py", line 997, in _execute_child
    startupinfo)
FileNotFoundError: [WinError 2] 系统找不到指定的文件。

During handling of the above exception, another exception occurred:

Traceback (most recent call last):
  File "C:\lipeng\test\testing\cases\training_resources_test.py", line 39, in setUp
    self.driver=Service.get_driver('../conf/yang/base.conf')
  File "C:\lipeng\test\testing\tools\service.py", line 16, in get_driver
    return getattr(webdriver,content["BROWSER"])()
  File "C:\Users\T430s1\AppData\Local\Programs\Python\Python36\lib\site-packages\selenium\webdriver\edge\webdriver.py", line 56, in __init__
    self.edge_service.start()
  File "C:\Users\T430s1\AppData\Local\Programs\Python\Python36\lib\site-packages\selenium\webdriver\common\service.py", line 83, in start
    os.path.basename(self.path), self.start_error_message)
selenium.common.exceptions.WebDriverException: Message: 'MicrosoftWebDriver.exe' executable needs to be in PATH. Please download from http://go.microsoft.com/fwlink/?LinkId=619687



        </pre>
    </div>
    <!--css div popup end-->

    </td>
</tr>

<tr id='ft2.5' class='none'>
    <td class='errorCase'><div class='testcase'>test_do_edit_recource_1__</div></td>
    <td colspan='5' align='center'>

    <!--css div popup start-->
    <a class="popup_link" onfocus='this.blur();' href="javascript:showTestDetail('div_ft2.5')" >
        error</a>

    <div id='div_ft2.5' class="popup_window">
        <div style='text-align: right; color:red;cursor:pointer'>
        <a onfocus='this.blur();' onclick="document.getElementById('div_ft2.5').style.display = 'none' " >
           [x]</a>
        </div>
        <pre>
        
ft2.5: Traceback (most recent call last):
  File "C:\Users\T430s1\AppData\Local\Programs\Python\Python36\lib\site-packages\selenium\webdriver\common\service.py", line 76, in start
    stdin=PIPE)
  File "C:\Users\T430s1\AppData\Local\Programs\Python\Python36\lib\subprocess.py", line 709, in __init__
    restore_signals, start_new_session)
  File "C:\Users\T430s1\AppData\Local\Programs\Python\Python36\lib\subprocess.py", line 997, in _execute_child
    startupinfo)
FileNotFoundError: [WinError 2] 系统找不到指定的文件。

During handling of the above exception, another exception occurred:

Traceback (most recent call last):
  File "C:\lipeng\test\testing\cases\training_resources_test.py", line 39, in setUp
    self.driver=Service.get_driver('../conf/yang/base.conf')
  File "C:\lipeng\test\testing\tools\service.py", line 16, in get_driver
    return getattr(webdriver,content["BROWSER"])()
  File "C:\Users\T430s1\AppData\Local\Programs\Python\Python36\lib\site-packages\selenium\webdriver\edge\webdriver.py", line 56, in __init__
    self.edge_service.start()
  File "C:\Users\T430s1\AppData\Local\Programs\Python\Python36\lib\site-packages\selenium\webdriver\common\service.py", line 83, in start
    os.path.basename(self.path), self.start_error_message)
selenium.common.exceptions.WebDriverException: Message: 'MicrosoftWebDriver.exe' executable needs to be in PATH. Please download from http://go.microsoft.com/fwlink/?LinkId=619687

Traceback (most recent call last):
  File "C:\Users\T430s1\AppData\Local\Programs\Python\Python36\lib\site-packages\selenium\webdriver\common\service.py", line 76, in start
    stdin=PIPE)
  File "C:\Users\T430s1\AppData\Local\Programs\Python\Python36\lib\subprocess.py", line 709, in __init__
    restore_signals, start_new_session)
  File "C:\Users\T430s1\AppData\Local\Programs\Python\Python36\lib\subprocess.py", line 997, in _execute_child
    startupinfo)
FileNotFoundError: [WinError 2] 系统找不到指定的文件。

During handling of the above exception, another exception occurred:

Traceback (most recent call last):
  File "C:\lipeng\test\testing\cases\training_resources_test.py", line 39, in setUp
    self.driver=Service.get_driver('../conf/yang/base.conf')
  File "C:\lipeng\test\testing\tools\service.py", line 16, in get_driver
    return getattr(webdriver,content["BROWSER"])()
  File "C:\Users\T430s1\AppData\Local\Programs\Python\Python36\lib\site-packages\selenium\webdriver\edge\webdriver.py", line 56, in __init__
    self.edge_service.start()
  File "C:\Users\T430s1\AppData\Local\Programs\Python\Python36\lib\site-packages\selenium\webdriver\common\service.py", line 83, in start
    os.path.basename(self.path), self.start_error_message)
selenium.common.exceptions.WebDriverException: Message: 'MicrosoftWebDriver.exe' executable needs to be in PATH. Please download from http://go.microsoft.com/fwlink/?LinkId=619687



        </pre>
    </div>
    <!--css div popup end-->

    </td>
</tr>

<tr id='ft2.6' class='none'>
    <td class='errorCase'><div class='testcase'>test_do_query_0__</div></td>
    <td colspan='5' align='center'>

    <!--css div popup start-->
    <a class="popup_link" onfocus='this.blur();' href="javascript:showTestDetail('div_ft2.6')" >
        error</a>

    <div id='div_ft2.6' class="popup_window">
        <div style='text-align: right; color:red;cursor:pointer'>
        <a onfocus='this.blur();' onclick="document.getElementById('div_ft2.6').style.display = 'none' " >
           [x]</a>
        </div>
        <pre>
        
ft2.6: Traceback (most recent call last):
  File "C:\Users\T430s1\AppData\Local\Programs\Python\Python36\lib\site-packages\selenium\webdriver\common\service.py", line 76, in start
    stdin=PIPE)
  File "C:\Users\T430s1\AppData\Local\Programs\Python\Python36\lib\subprocess.py", line 709, in __init__
    restore_signals, start_new_session)
  File "C:\Users\T430s1\AppData\Local\Programs\Python\Python36\lib\subprocess.py", line 997, in _execute_child
    startupinfo)
FileNotFoundError: [WinError 2] 系统找不到指定的文件。

During handling of the above exception, another exception occurred:

Traceback (most recent call last):
  File "C:\lipeng\test\testing\cases\training_resources_test.py", line 39, in setUp
    self.driver=Service.get_driver('../conf/yang/base.conf')
  File "C:\lipeng\test\testing\tools\service.py", line 16, in get_driver
    return getattr(webdriver,content["BROWSER"])()
  File "C:\Users\T430s1\AppData\Local\Programs\Python\Python36\lib\site-packages\selenium\webdriver\edge\webdriver.py", line 56, in __init__
    self.edge_service.start()
  File "C:\Users\T430s1\AppData\Local\Programs\Python\Python36\lib\site-packages\selenium\webdriver\common\service.py", line 83, in start
    os.path.basename(self.path), self.start_error_message)
selenium.common.exceptions.WebDriverException: Message: 'MicrosoftWebDriver.exe' executable needs to be in PATH. Please download from http://go.microsoft.com/fwlink/?LinkId=619687

Traceback (most recent call last):
  File "C:\Users\T430s1\AppData\Local\Programs\Python\Python36\lib\site-packages\selenium\webdriver\common\service.py", line 76, in start
    stdin=PIPE)
  File "C:\Users\T430s1\AppData\Local\Programs\Python\Python36\lib\subprocess.py", line 709, in __init__
    restore_signals, start_new_session)
  File "C:\Users\T430s1\AppData\Local\Programs\Python\Python36\lib\subprocess.py", line 997, in _execute_child
    startupinfo)
FileNotFoundError: [WinError 2] 系统找不到指定的文件。

During handling of the above exception, another exception occurred:

Traceback (most recent call last):
  File "C:\lipeng\test\testing\cases\training_resources_test.py", line 39, in setUp
    self.driver=Service.get_driver('../conf/yang/base.conf')
  File "C:\lipeng\test\testing\tools\service.py", line 16, in get_driver
    return getattr(webdriver,content["BROWSER"])()
  File "C:\Users\T430s1\AppData\Local\Programs\Python\Python36\lib\site-packages\selenium\webdriver\edge\webdriver.py", line 56, in __init__
    self.edge_service.start()
  File "C:\Users\T430s1\AppData\Local\Programs\Python\Python36\lib\site-packages\selenium\webdriver\common\service.py", line 83, in start
    os.path.basename(self.path), self.start_error_message)
selenium.common.exceptions.WebDriverException: Message: 'MicrosoftWebDriver.exe' executable needs to be in PATH. Please download from http://go.microsoft.com/fwlink/?LinkId=619687



        </pre>
    </div>
    <!--css div popup end-->

    </td>
</tr>

<tr id='ft2.7' class='none'>
    <td class='errorCase'><div class='testcase'>test_do_query_1__</div></td>
    <td colspan='5' align='center'>

    <!--css div popup start-->
    <a class="popup_link" onfocus='this.blur();' href="javascript:showTestDetail('div_ft2.7')" >
        error</a>

    <div id='div_ft2.7' class="popup_window">
        <div style='text-align: right; color:red;cursor:pointer'>
        <a onfocus='this.blur();' onclick="document.getElementById('div_ft2.7').style.display = 'none' " >
           [x]</a>
        </div>
        <pre>
        
ft2.7: Traceback (most recent call last):
  File "C:\Users\T430s1\AppData\Local\Programs\Python\Python36\lib\site-packages\selenium\webdriver\common\service.py", line 76, in start
    stdin=PIPE)
  File "C:\Users\T430s1\AppData\Local\Programs\Python\Python36\lib\subprocess.py", line 709, in __init__
    restore_signals, start_new_session)
  File "C:\Users\T430s1\AppData\Local\Programs\Python\Python36\lib\subprocess.py", line 997, in _execute_child
    startupinfo)
FileNotFoundError: [WinError 2] 系统找不到指定的文件。

During handling of the above exception, another exception occurred:

Traceback (most recent call last):
  File "C:\lipeng\test\testing\cases\training_resources_test.py", line 39, in setUp
    self.driver=Service.get_driver('../conf/yang/base.conf')
  File "C:\lipeng\test\testing\tools\service.py", line 16, in get_driver
    return getattr(webdriver,content["BROWSER"])()
  File "C:\Users\T430s1\AppData\Local\Programs\Python\Python36\lib\site-packages\selenium\webdriver\edge\webdriver.py", line 56, in __init__
    self.edge_service.start()
  File "C:\Users\T430s1\AppData\Local\Programs\Python\Python36\lib\site-packages\selenium\webdriver\common\service.py", line 83, in start
    os.path.basename(self.path), self.start_error_message)
selenium.common.exceptions.WebDriverException: Message: 'MicrosoftWebDriver.exe' executable needs to be in PATH. Please download from http://go.microsoft.com/fwlink/?LinkId=619687

Traceback (most recent call last):
  File "C:\Users\T430s1\AppData\Local\Programs\Python\Python36\lib\site-packages\selenium\webdriver\common\service.py", line 76, in start
    stdin=PIPE)
  File "C:\Users\T430s1\AppData\Local\Programs\Python\Python36\lib\subprocess.py", line 709, in __init__
    restore_signals, start_new_session)
  File "C:\Users\T430s1\AppData\Local\Programs\Python\Python36\lib\subprocess.py", line 997, in _execute_child
    startupinfo)
FileNotFoundError: [WinError 2] 系统找不到指定的文件。

During handling of the above exception, another exception occurred:

Traceback (most recent call last):
  File "C:\lipeng\test\testing\cases\training_resources_test.py", line 39, in setUp
    self.driver=Service.get_driver('../conf/yang/base.conf')
  File "C:\lipeng\test\testing\tools\service.py", line 16, in get_driver
    return getattr(webdriver,content["BROWSER"])()
  File "C:\Users\T430s1\AppData\Local\Programs\Python\Python36\lib\site-packages\selenium\webdriver\edge\webdriver.py", line 56, in __init__
    self.edge_service.start()
  File "C:\Users\T430s1\AppData\Local\Programs\Python\Python36\lib\site-packages\selenium\webdriver\common\service.py", line 83, in start
    os.path.basename(self.path), self.start_error_message)
selenium.common.exceptions.WebDriverException: Message: 'MicrosoftWebDriver.exe' executable needs to be in PATH. Please download from http://go.microsoft.com/fwlink/?LinkId=619687



        </pre>
    </div>
    <!--css div popup end-->

    </td>
</tr>

<tr id='ft2.8' class='none'>
    <td class='errorCase'><div class='testcase'>test_do_track_resource_0__</div></td>
    <td colspan='5' align='center'>

    <!--css div popup start-->
    <a class="popup_link" onfocus='this.blur();' href="javascript:showTestDetail('div_ft2.8')" >
        error</a>

    <div id='div_ft2.8' class="popup_window">
        <div style='text-align: right; color:red;cursor:pointer'>
        <a onfocus='this.blur();' onclick="document.getElementById('div_ft2.8').style.display = 'none' " >
           [x]</a>
        </div>
        <pre>
        
ft2.8: Traceback (most recent call last):
  File "C:\Users\T430s1\AppData\Local\Programs\Python\Python36\lib\site-packages\selenium\webdriver\common\service.py", line 76, in start
    stdin=PIPE)
  File "C:\Users\T430s1\AppData\Local\Programs\Python\Python36\lib\subprocess.py", line 709, in __init__
    restore_signals, start_new_session)
  File "C:\Users\T430s1\AppData\Local\Programs\Python\Python36\lib\subprocess.py", line 997, in _execute_child
    startupinfo)
FileNotFoundError: [WinError 2] 系统找不到指定的文件。

During handling of the above exception, another exception occurred:

Traceback (most recent call last):
  File "C:\lipeng\test\testing\cases\training_resources_test.py", line 39, in setUp
    self.driver=Service.get_driver('../conf/yang/base.conf')
  File "C:\lipeng\test\testing\tools\service.py", line 16, in get_driver
    return getattr(webdriver,content["BROWSER"])()
  File "C:\Users\T430s1\AppData\Local\Programs\Python\Python36\lib\site-packages\selenium\webdriver\edge\webdriver.py", line 56, in __init__
    self.edge_service.start()
  File "C:\Users\T430s1\AppData\Local\Programs\Python\Python36\lib\site-packages\selenium\webdriver\common\service.py", line 83, in start
    os.path.basename(self.path), self.start_error_message)
selenium.common.exceptions.WebDriverException: Message: 'MicrosoftWebDriver.exe' executable needs to be in PATH. Please download from http://go.microsoft.com/fwlink/?LinkId=619687

Traceback (most recent call last):
  File "C:\Users\T430s1\AppData\Local\Programs\Python\Python36\lib\site-packages\selenium\webdriver\common\service.py", line 76, in start
    stdin=PIPE)
  File "C:\Users\T430s1\AppData\Local\Programs\Python\Python36\lib\subprocess.py", line 709, in __init__
    restore_signals, start_new_session)
  File "C:\Users\T430s1\AppData\Local\Programs\Python\Python36\lib\subprocess.py", line 997, in _execute_child
    startupinfo)
FileNotFoundError: [WinError 2] 系统找不到指定的文件。

During handling of the above exception, another exception occurred:

Traceback (most recent call last):
  File "C:\lipeng\test\testing\cases\training_resources_test.py", line 39, in setUp
    self.driver=Service.get_driver('../conf/yang/base.conf')
  File "C:\lipeng\test\testing\tools\service.py", line 16, in get_driver
    return getattr(webdriver,content["BROWSER"])()
  File "C:\Users\T430s1\AppData\Local\Programs\Python\Python36\lib\site-packages\selenium\webdriver\edge\webdriver.py", line 56, in __init__
    self.edge_service.start()
  File "C:\Users\T430s1\AppData\Local\Programs\Python\Python36\lib\site-packages\selenium\webdriver\common\service.py", line 83, in start
    os.path.basename(self.path), self.start_error_message)
selenium.common.exceptions.WebDriverException: Message: 'MicrosoftWebDriver.exe' executable needs to be in PATH. Please download from http://go.microsoft.com/fwlink/?LinkId=619687



        </pre>
    </div>
    <!--css div popup end-->

    </td>
</tr>

<tr id='ft2.9' class='none'>
    <td class='errorCase'><div class='testcase'>test_do_track_resource_1__</div></td>
    <td colspan='5' align='center'>

    <!--css div popup start-->
    <a class="popup_link" onfocus='this.blur();' href="javascript:showTestDetail('div_ft2.9')" >
        error</a>

    <div id='div_ft2.9' class="popup_window">
        <div style='text-align: right; color:red;cursor:pointer'>
        <a onfocus='this.blur();' onclick="document.getElementById('div_ft2.9').style.display = 'none' " >
           [x]</a>
        </div>
        <pre>
        
ft2.9: Traceback (most recent call last):
  File "C:\Users\T430s1\AppData\Local\Programs\Python\Python36\lib\site-packages\selenium\webdriver\common\service.py", line 76, in start
    stdin=PIPE)
  File "C:\Users\T430s1\AppData\Local\Programs\Python\Python36\lib\subprocess.py", line 709, in __init__
    restore_signals, start_new_session)
  File "C:\Users\T430s1\AppData\Local\Programs\Python\Python36\lib\subprocess.py", line 997, in _execute_child
    startupinfo)
FileNotFoundError: [WinError 2] 系统找不到指定的文件。

During handling of the above exception, another exception occurred:

Traceback (most recent call last):
  File "C:\lipeng\test\testing\cases\training_resources_test.py", line 39, in setUp
    self.driver=Service.get_driver('../conf/yang/base.conf')
  File "C:\lipeng\test\testing\tools\service.py", line 16, in get_driver
    return getattr(webdriver,content["BROWSER"])()
  File "C:\Users\T430s1\AppData\Local\Programs\Python\Python36\lib\site-packages\selenium\webdriver\edge\webdriver.py", line 56, in __init__
    self.edge_service.start()
  File "C:\Users\T430s1\AppData\Local\Programs\Python\Python36\lib\site-packages\selenium\webdriver\common\service.py", line 83, in start
    os.path.basename(self.path), self.start_error_message)
selenium.common.exceptions.WebDriverException: Message: 'MicrosoftWebDriver.exe' executable needs to be in PATH. Please download from http://go.microsoft.com/fwlink/?LinkId=619687

Traceback (most recent call last):
  File "C:\Users\T430s1\AppData\Local\Programs\Python\Python36\lib\site-packages\selenium\webdriver\common\service.py", line 76, in start
    stdin=PIPE)
  File "C:\Users\T430s1\AppData\Local\Programs\Python\Python36\lib\subprocess.py", line 709, in __init__
    restore_signals, start_new_session)
  File "C:\Users\T430s1\AppData\Local\Programs\Python\Python36\lib\subprocess.py", line 997, in _execute_child
    startupinfo)
FileNotFoundError: [WinError 2] 系统找不到指定的文件。

During handling of the above exception, another exception occurred:

Traceback (most recent call last):
  File "C:\lipeng\test\testing\cases\training_resources_test.py", line 39, in setUp
    self.driver=Service.get_driver('../conf/yang/base.conf')
  File "C:\lipeng\test\testing\tools\service.py", line 16, in get_driver
    return getattr(webdriver,content["BROWSER"])()
  File "C:\Users\T430s1\AppData\Local\Programs\Python\Python36\lib\site-packages\selenium\webdriver\edge\webdriver.py", line 56, in __init__
    self.edge_service.start()
  File "C:\Users\T430s1\AppData\Local\Programs\Python\Python36\lib\site-packages\selenium\webdriver\common\service.py", line 83, in start
    os.path.basename(self.path), self.start_error_message)
selenium.common.exceptions.WebDriverException: Message: 'MicrosoftWebDriver.exe' executable needs to be in PATH. Please download from http://go.microsoft.com/fwlink/?LinkId=619687



        </pre>
    </div>
    <!--css div popup end-->

    </td>
</tr>

<tr class='errorClass'>
    <td>cases.public_rescources_test.PublicRescourcesTest</td>
    <td>4</td>
    <td>0</td>
    <td>0</td>
    <td>4</td>
    <td><a href="javascript:showClassDetail('c3',4)">Detail</a></td>
</tr>

<tr id='ft3.1' class='none'>
    <td class='errorCase'><div class='testcase'>test_do_claim_rescources_0_1</div></td>
    <td colspan='5' align='center'>

    <!--css div popup start-->
    <a class="popup_link" onfocus='this.blur();' href="javascript:showTestDetail('div_ft3.1')" >
        error</a>

    <div id='div_ft3.1' class="popup_window">
        <div style='text-align: right; color:red;cursor:pointer'>
        <a onfocus='this.blur();' onclick="document.getElementById('div_ft3.1').style.display = 'none' " >
           [x]</a>
        </div>
        <pre>
        
ft3.1: Traceback (most recent call last):
  File "C:\Users\T430s1\AppData\Local\Programs\Python\Python36\lib\site-packages\selenium\webdriver\common\service.py", line 76, in start
    stdin=PIPE)
  File "C:\Users\T430s1\AppData\Local\Programs\Python\Python36\lib\subprocess.py", line 709, in __init__
    restore_signals, start_new_session)
  File "C:\Users\T430s1\AppData\Local\Programs\Python\Python36\lib\subprocess.py", line 997, in _execute_child
    startupinfo)
FileNotFoundError: [WinError 2] 系统找不到指定的文件。

During handling of the above exception, another exception occurred:

Traceback (most recent call last):
  File "C:\lipeng\test\testing\cases\public_rescources_test.py", line 27, in setUp
    self.driver=Service.get_driver('../conf/yang/base.conf')
  File "C:\lipeng\test\testing\tools\service.py", line 16, in get_driver
    return getattr(webdriver,content["BROWSER"])()
  File "C:\Users\T430s1\AppData\Local\Programs\Python\Python36\lib\site-packages\selenium\webdriver\edge\webdriver.py", line 56, in __init__
    self.edge_service.start()
  File "C:\Users\T430s1\AppData\Local\Programs\Python\Python36\lib\site-packages\selenium\webdriver\common\service.py", line 83, in start
    os.path.basename(self.path), self.start_error_message)
selenium.common.exceptions.WebDriverException: Message: 'MicrosoftWebDriver.exe' executable needs to be in PATH. Please download from http://go.microsoft.com/fwlink/?LinkId=619687

Traceback (most recent call last):
  File "C:\Users\T430s1\AppData\Local\Programs\Python\Python36\lib\site-packages\selenium\webdriver\common\service.py", line 76, in start
    stdin=PIPE)
  File "C:\Users\T430s1\AppData\Local\Programs\Python\Python36\lib\subprocess.py", line 709, in __init__
    restore_signals, start_new_session)
  File "C:\Users\T430s1\AppData\Local\Programs\Python\Python36\lib\subprocess.py", line 997, in _execute_child
    startupinfo)
FileNotFoundError: [WinError 2] 系统找不到指定的文件。

During handling of the above exception, another exception occurred:

Traceback (most recent call last):
  File "C:\lipeng\test\testing\cases\public_rescources_test.py", line 27, in setUp
    self.driver=Service.get_driver('../conf/yang/base.conf')
  File "C:\lipeng\test\testing\tools\service.py", line 16, in get_driver
    return getattr(webdriver,content["BROWSER"])()
  File "C:\Users\T430s1\AppData\Local\Programs\Python\Python36\lib\site-packages\selenium\webdriver\edge\webdriver.py", line 56, in __init__
    self.edge_service.start()
  File "C:\Users\T430s1\AppData\Local\Programs\Python\Python36\lib\site-packages\selenium\webdriver\common\service.py", line 83, in start
    os.path.basename(self.path), self.start_error_message)
selenium.common.exceptions.WebDriverException: Message: 'MicrosoftWebDriver.exe' executable needs to be in PATH. Please download from http://go.microsoft.com/fwlink/?LinkId=619687



        </pre>
    </div>
    <!--css div popup end-->

    </td>
</tr>

<tr id='ft3.2' class='none'>
    <td class='errorCase'><div class='testcase'>test_do_claim_rescources_1_2</div></td>
    <td colspan='5' align='center'>

    <!--css div popup start-->
    <a class="popup_link" onfocus='this.blur();' href="javascript:showTestDetail('div_ft3.2')" >
        error</a>

    <div id='div_ft3.2' class="popup_window">
        <div style='text-align: right; color:red;cursor:pointer'>
        <a onfocus='this.blur();' onclick="document.getElementById('div_ft3.2').style.display = 'none' " >
           [x]</a>
        </div>
        <pre>
        
ft3.2: Traceback (most recent call last):
  File "C:\Users\T430s1\AppData\Local\Programs\Python\Python36\lib\site-packages\selenium\webdriver\common\service.py", line 76, in start
    stdin=PIPE)
  File "C:\Users\T430s1\AppData\Local\Programs\Python\Python36\lib\subprocess.py", line 709, in __init__
    restore_signals, start_new_session)
  File "C:\Users\T430s1\AppData\Local\Programs\Python\Python36\lib\subprocess.py", line 997, in _execute_child
    startupinfo)
FileNotFoundError: [WinError 2] 系统找不到指定的文件。

During handling of the above exception, another exception occurred:

Traceback (most recent call last):
  File "C:\lipeng\test\testing\cases\public_rescources_test.py", line 27, in setUp
    self.driver=Service.get_driver('../conf/yang/base.conf')
  File "C:\lipeng\test\testing\tools\service.py", line 16, in get_driver
    return getattr(webdriver,content["BROWSER"])()
  File "C:\Users\T430s1\AppData\Local\Programs\Python\Python36\lib\site-packages\selenium\webdriver\edge\webdriver.py", line 56, in __init__
    self.edge_service.start()
  File "C:\Users\T430s1\AppData\Local\Programs\Python\Python36\lib\site-packages\selenium\webdriver\common\service.py", line 83, in start
    os.path.basename(self.path), self.start_error_message)
selenium.common.exceptions.WebDriverException: Message: 'MicrosoftWebDriver.exe' executable needs to be in PATH. Please download from http://go.microsoft.com/fwlink/?LinkId=619687

Traceback (most recent call last):
  File "C:\Users\T430s1\AppData\Local\Programs\Python\Python36\lib\site-packages\selenium\webdriver\common\service.py", line 76, in start
    stdin=PIPE)
  File "C:\Users\T430s1\AppData\Local\Programs\Python\Python36\lib\subprocess.py", line 709, in __init__
    restore_signals, start_new_session)
  File "C:\Users\T430s1\AppData\Local\Programs\Python\Python36\lib\subprocess.py", line 997, in _execute_child
    startupinfo)
FileNotFoundError: [WinError 2] 系统找不到指定的文件。

During handling of the above exception, another exception occurred:

Traceback (most recent call last):
  File "C:\lipeng\test\testing\cases\public_rescources_test.py", line 27, in setUp
    self.driver=Service.get_driver('../conf/yang/base.conf')
  File "C:\lipeng\test\testing\tools\service.py", line 16, in get_driver
    return getattr(webdriver,content["BROWSER"])()
  File "C:\Users\T430s1\AppData\Local\Programs\Python\Python36\lib\site-packages\selenium\webdriver\edge\webdriver.py", line 56, in __init__
    self.edge_service.start()
  File "C:\Users\T430s1\AppData\Local\Programs\Python\Python36\lib\site-packages\selenium\webdriver\common\service.py", line 83, in start
    os.path.basename(self.path), self.start_error_message)
selenium.common.exceptions.WebDriverException: Message: 'MicrosoftWebDriver.exe' executable needs to be in PATH. Please download from http://go.microsoft.com/fwlink/?LinkId=619687



        </pre>
    </div>
    <!--css div popup end-->

    </td>
</tr>

<tr id='ft3.3' class='none'>
    <td class='errorCase'><div class='testcase'>test_do_query_public_0__</div></td>
    <td colspan='5' align='center'>

    <!--css div popup start-->
    <a class="popup_link" onfocus='this.blur();' href="javascript:showTestDetail('div_ft3.3')" >
        error</a>

    <div id='div_ft3.3' class="popup_window">
        <div style='text-align: right; color:red;cursor:pointer'>
        <a onfocus='this.blur();' onclick="document.getElementById('div_ft3.3').style.display = 'none' " >
           [x]</a>
        </div>
        <pre>
        
ft3.3: Traceback (most recent call last):
  File "C:\Users\T430s1\AppData\Local\Programs\Python\Python36\lib\site-packages\selenium\webdriver\common\service.py", line 76, in start
    stdin=PIPE)
  File "C:\Users\T430s1\AppData\Local\Programs\Python\Python36\lib\subprocess.py", line 709, in __init__
    restore_signals, start_new_session)
  File "C:\Users\T430s1\AppData\Local\Programs\Python\Python36\lib\subprocess.py", line 997, in _execute_child
    startupinfo)
FileNotFoundError: [WinError 2] 系统找不到指定的文件。

During handling of the above exception, another exception occurred:

Traceback (most recent call last):
  File "C:\lipeng\test\testing\cases\public_rescources_test.py", line 27, in setUp
    self.driver=Service.get_driver('../conf/yang/base.conf')
  File "C:\lipeng\test\testing\tools\service.py", line 16, in get_driver
    return getattr(webdriver,content["BROWSER"])()
  File "C:\Users\T430s1\AppData\Local\Programs\Python\Python36\lib\site-packages\selenium\webdriver\edge\webdriver.py", line 56, in __init__
    self.edge_service.start()
  File "C:\Users\T430s1\AppData\Local\Programs\Python\Python36\lib\site-packages\selenium\webdriver\common\service.py", line 83, in start
    os.path.basename(self.path), self.start_error_message)
selenium.common.exceptions.WebDriverException: Message: 'MicrosoftWebDriver.exe' executable needs to be in PATH. Please download from http://go.microsoft.com/fwlink/?LinkId=619687

Traceback (most recent call last):
  File "C:\Users\T430s1\AppData\Local\Programs\Python\Python36\lib\site-packages\selenium\webdriver\common\service.py", line 76, in start
    stdin=PIPE)
  File "C:\Users\T430s1\AppData\Local\Programs\Python\Python36\lib\subprocess.py", line 709, in __init__
    restore_signals, start_new_session)
  File "C:\Users\T430s1\AppData\Local\Programs\Python\Python36\lib\subprocess.py", line 997, in _execute_child
    startupinfo)
FileNotFoundError: [WinError 2] 系统找不到指定的文件。

During handling of the above exception, another exception occurred:

Traceback (most recent call last):
  File "C:\lipeng\test\testing\cases\public_rescources_test.py", line 27, in setUp
    self.driver=Service.get_driver('../conf/yang/base.conf')
  File "C:\lipeng\test\testing\tools\service.py", line 16, in get_driver
    return getattr(webdriver,content["BROWSER"])()
  File "C:\Users\T430s1\AppData\Local\Programs\Python\Python36\lib\site-packages\selenium\webdriver\edge\webdriver.py", line 56, in __init__
    self.edge_service.start()
  File "C:\Users\T430s1\AppData\Local\Programs\Python\Python36\lib\site-packages\selenium\webdriver\common\service.py", line 83, in start
    os.path.basename(self.path), self.start_error_message)
selenium.common.exceptions.WebDriverException: Message: 'MicrosoftWebDriver.exe' executable needs to be in PATH. Please download from http://go.microsoft.com/fwlink/?LinkId=619687



        </pre>
    </div>
    <!--css div popup end-->

    </td>
</tr>

<tr id='ft3.4' class='none'>
    <td class='errorCase'><div class='testcase'>test_do_query_public_1__</div></td>
    <td colspan='5' align='center'>

    <!--css div popup start-->
    <a class="popup_link" onfocus='this.blur();' href="javascript:showTestDetail('div_ft3.4')" >
        error</a>

    <div id='div_ft3.4' class="popup_window">
        <div style='text-align: right; color:red;cursor:pointer'>
        <a onfocus='this.blur();' onclick="document.getElementById('div_ft3.4').style.display = 'none' " >
           [x]</a>
        </div>
        <pre>
        
ft3.4: Traceback (most recent call last):
  File "C:\Users\T430s1\AppData\Local\Programs\Python\Python36\lib\site-packages\selenium\webdriver\common\service.py", line 76, in start
    stdin=PIPE)
  File "C:\Users\T430s1\AppData\Local\Programs\Python\Python36\lib\subprocess.py", line 709, in __init__
    restore_signals, start_new_session)
  File "C:\Users\T430s1\AppData\Local\Programs\Python\Python36\lib\subprocess.py", line 997, in _execute_child
    startupinfo)
FileNotFoundError: [WinError 2] 系统找不到指定的文件。

During handling of the above exception, another exception occurred:

Traceback (most recent call last):
  File "C:\lipeng\test\testing\cases\public_rescources_test.py", line 27, in setUp
    self.driver=Service.get_driver('../conf/yang/base.conf')
  File "C:\lipeng\test\testing\tools\service.py", line 16, in get_driver
    return getattr(webdriver,content["BROWSER"])()
  File "C:\Users\T430s1\AppData\Local\Programs\Python\Python36\lib\site-packages\selenium\webdriver\edge\webdriver.py", line 56, in __init__
    self.edge_service.start()
  File "C:\Users\T430s1\AppData\Local\Programs\Python\Python36\lib\site-packages\selenium\webdriver\common\service.py", line 83, in start
    os.path.basename(self.path), self.start_error_message)
selenium.common.exceptions.WebDriverException: Message: 'MicrosoftWebDriver.exe' executable needs to be in PATH. Please download from http://go.microsoft.com/fwlink/?LinkId=619687

Traceback (most recent call last):
  File "C:\Users\T430s1\AppData\Local\Programs\Python\Python36\lib\site-packages\selenium\webdriver\common\service.py", line 76, in start
    stdin=PIPE)
  File "C:\Users\T430s1\AppData\Local\Programs\Python\Python36\lib\subprocess.py", line 709, in __init__
    restore_signals, start_new_session)
  File "C:\Users\T430s1\AppData\Local\Programs\Python\Python36\lib\subprocess.py", line 997, in _execute_child
    startupinfo)
FileNotFoundError: [WinError 2] 系统找不到指定的文件。

During handling of the above exception, another exception occurred:

Traceback (most recent call last):
  File "C:\lipeng\test\testing\cases\public_rescources_test.py", line 27, in setUp
    self.driver=Service.get_driver('../conf/yang/base.conf')
  File "C:\lipeng\test\testing\tools\service.py", line 16, in get_driver
    return getattr(webdriver,content["BROWSER"])()
  File "C:\Users\T430s1\AppData\Local\Programs\Python\Python36\lib\site-packages\selenium\webdriver\edge\webdriver.py", line 56, in __init__
    self.edge_service.start()
  File "C:\Users\T430s1\AppData\Local\Programs\Python\Python36\lib\site-packages\selenium\webdriver\common\service.py", line 83, in start
    os.path.basename(self.path), self.start_error_message)
selenium.common.exceptions.WebDriverException: Message: 'MicrosoftWebDriver.exe' executable needs to be in PATH. Please download from http://go.microsoft.com/fwlink/?LinkId=619687



        </pre>
    </div>
    <!--css div popup end-->

    </td>
</tr>

<tr class='errorClass'>
    <td>cases.transmit_rescources_test.TransmitRescourcesTest</td>
    <td>2</td>
    <td>0</td>
    <td>0</td>
    <td>2</td>
    <td><a href="javascript:showClassDetail('c4',2)">Detail</a></td>
</tr>

<tr id='ft4.1' class='none'>
    <td class='errorCase'><div class='testcase'>test_do_transmit_rescources_0__</div></td>
    <td colspan='5' align='center'>

    <!--css div popup start-->
    <a class="popup_link" onfocus='this.blur();' href="javascript:showTestDetail('div_ft4.1')" >
        error</a>

    <div id='div_ft4.1' class="popup_window">
        <div style='text-align: right; color:red;cursor:pointer'>
        <a onfocus='this.blur();' onclick="document.getElementById('div_ft4.1').style.display = 'none' " >
           [x]</a>
        </div>
        <pre>
        
ft4.1: Traceback (most recent call last):
  File "C:\Users\T430s1\AppData\Local\Programs\Python\Python36\lib\site-packages\selenium\webdriver\common\service.py", line 76, in start
    stdin=PIPE)
  File "C:\Users\T430s1\AppData\Local\Programs\Python\Python36\lib\subprocess.py", line 709, in __init__
    restore_signals, start_new_session)
  File "C:\Users\T430s1\AppData\Local\Programs\Python\Python36\lib\subprocess.py", line 997, in _execute_child
    startupinfo)
FileNotFoundError: [WinError 2] 系统找不到指定的文件。

During handling of the above exception, another exception occurred:

Traceback (most recent call last):
  File "C:\lipeng\test\testing\cases\transmit_rescources_test.py", line 26, in setUp
    self.driver=Service.get_driver('../conf/yang/base.conf')
  File "C:\lipeng\test\testing\tools\service.py", line 16, in get_driver
    return getattr(webdriver,content["BROWSER"])()
  File "C:\Users\T430s1\AppData\Local\Programs\Python\Python36\lib\site-packages\selenium\webdriver\edge\webdriver.py", line 56, in __init__
    self.edge_service.start()
  File "C:\Users\T430s1\AppData\Local\Programs\Python\Python36\lib\site-packages\selenium\webdriver\common\service.py", line 83, in start
    os.path.basename(self.path), self.start_error_message)
selenium.common.exceptions.WebDriverException: Message: 'MicrosoftWebDriver.exe' executable needs to be in PATH. Please download from http://go.microsoft.com/fwlink/?LinkId=619687

Traceback (most recent call last):
  File "C:\Users\T430s1\AppData\Local\Programs\Python\Python36\lib\site-packages\selenium\webdriver\common\service.py", line 76, in start
    stdin=PIPE)
  File "C:\Users\T430s1\AppData\Local\Programs\Python\Python36\lib\subprocess.py", line 709, in __init__
    restore_signals, start_new_session)
  File "C:\Users\T430s1\AppData\Local\Programs\Python\Python36\lib\subprocess.py", line 997, in _execute_child
    startupinfo)
FileNotFoundError: [WinError 2] 系统找不到指定的文件。

During handling of the above exception, another exception occurred:

Traceback (most recent call last):
  File "C:\lipeng\test\testing\cases\transmit_rescources_test.py", line 26, in setUp
    self.driver=Service.get_driver('../conf/yang/base.conf')
  File "C:\lipeng\test\testing\tools\service.py", line 16, in get_driver
    return getattr(webdriver,content["BROWSER"])()
  File "C:\Users\T430s1\AppData\Local\Programs\Python\Python36\lib\site-packages\selenium\webdriver\edge\webdriver.py", line 56, in __init__
    self.edge_service.start()
  File "C:\Users\T430s1\AppData\Local\Programs\Python\Python36\lib\site-packages\selenium\webdriver\common\service.py", line 83, in start
    os.path.basename(self.path), self.start_error_message)
selenium.common.exceptions.WebDriverException: Message: 'MicrosoftWebDriver.exe' executable needs to be in PATH. Please download from http://go.microsoft.com/fwlink/?LinkId=619687



        </pre>
    </div>
    <!--css div popup end-->

    </td>
</tr>

<tr id='ft4.2' class='none'>
    <td class='errorCase'><div class='testcase'>test_do_transmit_rescources_1__</div></td>
    <td colspan='5' align='center'>

    <!--css div popup start-->
    <a class="popup_link" onfocus='this.blur();' href="javascript:showTestDetail('div_ft4.2')" >
        error</a>

    <div id='div_ft4.2' class="popup_window">
        <div style='text-align: right; color:red;cursor:pointer'>
        <a onfocus='this.blur();' onclick="document.getElementById('div_ft4.2').style.display = 'none' " >
           [x]</a>
        </div>
        <pre>
        
ft4.2: Traceback (most recent call last):
  File "C:\Users\T430s1\AppData\Local\Programs\Python\Python36\lib\site-packages\selenium\webdriver\common\service.py", line 76, in start
    stdin=PIPE)
  File "C:\Users\T430s1\AppData\Local\Programs\Python\Python36\lib\subprocess.py", line 709, in __init__
    restore_signals, start_new_session)
  File "C:\Users\T430s1\AppData\Local\Programs\Python\Python36\lib\subprocess.py", line 997, in _execute_child
    startupinfo)
FileNotFoundError: [WinError 2] 系统找不到指定的文件。

During handling of the above exception, another exception occurred:

Traceback (most recent call last):
  File "C:\lipeng\test\testing\cases\transmit_rescources_test.py", line 26, in setUp
    self.driver=Service.get_driver('../conf/yang/base.conf')
  File "C:\lipeng\test\testing\tools\service.py", line 16, in get_driver
    return getattr(webdriver,content["BROWSER"])()
  File "C:\Users\T430s1\AppData\Local\Programs\Python\Python36\lib\site-packages\selenium\webdriver\edge\webdriver.py", line 56, in __init__
    self.edge_service.start()
  File "C:\Users\T430s1\AppData\Local\Programs\Python\Python36\lib\site-packages\selenium\webdriver\common\service.py", line 83, in start
    os.path.basename(self.path), self.start_error_message)
selenium.common.exceptions.WebDriverException: Message: 'MicrosoftWebDriver.exe' executable needs to be in PATH. Please download from http://go.microsoft.com/fwlink/?LinkId=619687

Traceback (most recent call last):
  File "C:\Users\T430s1\AppData\Local\Programs\Python\Python36\lib\site-packages\selenium\webdriver\common\service.py", line 76, in start
    stdin=PIPE)
  File "C:\Users\T430s1\AppData\Local\Programs\Python\Python36\lib\subprocess.py", line 709, in __init__
    restore_signals, start_new_session)
  File "C:\Users\T430s1\AppData\Local\Programs\Python\Python36\lib\subprocess.py", line 997, in _execute_child
    startupinfo)
FileNotFoundError: [WinError 2] 系统找不到指定的文件。

During handling of the above exception, another exception occurred:

Traceback (most recent call last):
  File "C:\lipeng\test\testing\cases\transmit_rescources_test.py", line 26, in setUp
    self.driver=Service.get_driver('../conf/yang/base.conf')
  File "C:\lipeng\test\testing\tools\service.py", line 16, in get_driver
    return getattr(webdriver,content["BROWSER"])()
  File "C:\Users\T430s1\AppData\Local\Programs\Python\Python36\lib\site-packages\selenium\webdriver\edge\webdriver.py", line 56, in __init__
    self.edge_service.start()
  File "C:\Users\T430s1\AppData\Local\Programs\Python\Python36\lib\site-packages\selenium\webdriver\common\service.py", line 83, in start
    os.path.basename(self.path), self.start_error_message)
selenium.common.exceptions.WebDriverException: Message: 'MicrosoftWebDriver.exe' executable needs to be in PATH. Please download from http://go.microsoft.com/fwlink/?LinkId=619687



        </pre>
    </div>
    <!--css div popup end-->

    </td>
</tr>

<tr id='total_row'>
    <td>Total</td>
    <td>20</td>
    <td>0</td>
    <td>0</td>
    <td>20</td>
    <td>&nbsp;</td>
</tr>
</table>

<div id='ending'>&nbsp;</div>

</body>
</html>
